# JRE version: OpenJDK Runtime Environment (8.0_222-b10) (build 1.8.0_222-8u222-b10-1ubuntu1~16.04.1-b10)
# Java VM: OpenJDK 64-Bit Server VM (25.222-b10 mixed mode linux-amd64 compressed oops)
Heap:
 PSYoungGen      total 115712K, used 40358K [0x00000000f5580000, 0x00000000ffb80000, 0x0000000100000000)
  eden space 107520K, 30% used [0x00000000f5580000,0x00000000f7556390,0x00000000fbe80000)
  from space 8192K, 94% used [0x00000000fbe80000,0x00000000fc6137a0,0x00000000fc680000)
  to   space 31232K, 0% used [0x00000000fdd00000,0x00000000fdd00000,0x00000000ffb80000)
 ParOldGen       total 175104K, used 82809K [0x00000000e0000000, 0x00000000eab00000, 0x00000000f5580000)
  object space 175104K, 47% used [0x00000000e0000000,0x00000000e50de4b8,0x00000000eab00000)
 Metaspace       used 84810K, capacity 88310K, committed 88576K, reserved 1126400K
  class space    used 11117K, capacity 11919K, committed 12032K, reserved 1048576K
GC Heap History (10 events):
Event: 127.383 GC heap before
{Heap before GC invocations=24 (full 3):
 PSYoungGen      total 152576K, used 145618K [0x00000000f5580000, 0x0000000100000000, 0x0000000100000000)
  eden space 132608K, 100% used [0x00000000f5580000,0x00000000fd700000,0x00000000fd700000)
  from space 19968K, 65% used [0x00000000fec80000,0x00000000ff934918,0x0000000100000000)
  to   space 20992K, 0% used [0x00000000fd700000,0x00000000fd700000,0x00000000feb80000)
 ParOldGen       total 175104K, used 50223K [0x00000000e0000000, 0x00000000eab00000, 0x00000000f5580000)
  object space 175104K, 28% used [0x00000000e0000000,0x00000000e310bdf0,0x00000000eab00000)
 Metaspace       used 76496K, capacity 79798K, committed 80000K, reserved 1118208K
  class space    used 10058K, capacity 10877K, committed 10880K, reserved 1048576K
Event: 127.414 GC heap after
Heap after GC invocations=24 (full 3):
 PSYoungGen      total 153600K, used 20962K [0x00000000f5580000, 0x0000000100000000, 0x0000000100000000)
  eden space 132608K, 0% used [0x00000000f5580000,0x00000000f5580000,0x00000000fd700000)
  from space 20992K, 99% used [0x00000000fd700000,0x00000000feb78930,0x00000000feb80000)
  to   space 20992K, 0% used [0x00000000feb80000,0x00000000feb80000,0x0000000100000000)
 ParOldGen       total 175104K, used 52944K [0x00000000e0000000, 0x00000000eab00000, 0x00000000f5580000)
  object space 175104K, 30% used [0x00000000e0000000,0x00000000e33b4380,0x00000000eab00000)
 Metaspace       used 76496K, capacity 79798K, committed 80000K, reserved 1118208K
  class space    used 10058K, capacity 10877K, committed 10880K, reserved 1048576K
}
Event: 128.626 GC heap before
{Heap before GC invocations=25 (full 3):
 PSYoungGen      total 153600K, used 153570K [0x00000000f5580000, 0x0000000100000000, 0x0000000100000000)
  eden space 132608K, 100% used [0x00000000f5580000,0x00000000fd700000,0x00000000fd700000)
  from space 20992K, 99% used [0x00000000fd700000,0x00000000feb78930,0x00000000feb80000)
  to   space 20992K, 0% used [0x00000000feb80000,0x00000000feb80000,0x0000000100000000)
 ParOldGen       total 175104K, used 52944K [0x00000000e0000000, 0x00000000eab00000, 0x00000000f5580000)
  object space 175104K, 30% used [0x00000000e0000000,0x00000000e33b4380,0x00000000eab00000)
 Metaspace       used 78342K, capacity 81552K, committed 81792K, reserved 1120256K
  class space    used 10234K, capacity 11052K, committed 11136K, reserved 1048576K
Event: 128.645 GC heap after
Heap after GC invocations=25 (full 3):
 PSYoungGen      total 132096K, used 20980K [0x00000000f5580000, 0x0000000100000000, 0x0000000100000000)
  eden space 111104K, 0% used [0x00000000f5580000,0x00000000f5580000,0x00000000fc200000)
  from space 20992K, 99% used [0x00000000feb80000,0x00000000ffffd020,0x0000000100000000)
  to   space 31744K, 0% used [0x00000000fc200000,0x00000000fc200000,0x00000000fe100000)
 ParOldGen       total 175104K, used 60960K [0x00000000e0000000, 0x00000000eab00000, 0x00000000f5580000)
  object space 175104K, 34% used [0x00000000e0000000,0x00000000e3b880d0,0x00000000eab00000)
 Metaspace       used 78342K, capacity 81552K, committed 81792K, reserved 1120256K
  class space    used 10234K, capacity 11052K, committed 11136K, reserved 1048576K
}
Event: 129.047 GC heap before
{Heap before GC invocations=26 (full 3):
 PSYoungGen      total 132096K, used 132084K [0x00000000f5580000, 0x0000000100000000, 0x0000000100000000)
  eden space 111104K, 100% used [0x00000000f5580000,0x00000000fc200000,0x00000000fc200000)
  from space 20992K, 99% used [0x00000000feb80000,0x00000000ffffd020,0x0000000100000000)
  to   space 31744K, 0% used [0x00000000fc200000,0x00000000fc200000,0x00000000fe100000)
 ParOldGen       total 175104K, used 60960K [0x00000000e0000000, 0x00000000eab00000, 0x00000000f5580000)
  object space 175104K, 34% used [0x00000000e0000000,0x00000000e3b880d0,0x00000000eab00000)
 Metaspace       used 80014K, capacity 83262K, committed 83456K, reserved 1122304K
  class space    used 10440K, capacity 11215K, committed 11264K, reserved 1048576K
Event: 129.064 GC heap after
Heap after GC invocations=26 (full 3):
 PSYoungGen      total 135168K, used 23667K [0x00000000f5580000, 0x0000000100000000, 0x0000000100000000)
  eden space 111104K, 0% used [0x00000000f5580000,0x00000000f5580000,0x00000000fc200000)
  from space 24064K, 98% used [0x00000000fc200000,0x00000000fd91cc70,0x00000000fd980000)
  to   space 34304K, 0% used [0x00000000fde80000,0x00000000fde80000,0x0000000100000000)
 ParOldGen       total 175104K, used 60984K [0x00000000e0000000, 0x00000000eab00000, 0x00000000f5580000)
  object space 175104K, 34% used [0x00000000e0000000,0x00000000e3b8e0d0,0x00000000eab00000)
 Metaspace       used 80014K, capacity 83262K, committed 83456K, reserved 1122304K
  class space    used 10440K, capacity 11215K, committed 11264K, reserved 1048576K
}
Event: 130.807 GC heap before
{Heap before GC invocations=27 (full 3):
 PSYoungGen      total 135168K, used 134771K [0x00000000f5580000, 0x0000000100000000, 0x0000000100000000)
  eden space 111104K, 100% used [0x00000000f5580000,0x00000000fc200000,0x00000000fc200000)
  from space 24064K, 98% used [0x00000000fc200000,0x00000000fd91cc70,0x00000000fd980000)
  to   space 34304K, 0% used [0x00000000fde80000,0x00000000fde80000,0x0000000100000000)
 ParOldGen       total 175104K, used 60984K [0x00000000e0000000, 0x00000000eab00000, 0x00000000f5580000)
  object space 175104K, 34% used [0x00000000e0000000,0x00000000e3b8e0d0,0x00000000eab00000)
 Metaspace       used 80662K, capacity 83976K, committed 84352K, reserved 1122304K
  class space    used 10525K, capacity 11318K, committed 11392K, reserved 1048576K
Event: 130.826 GC heap after
Heap after GC invocations=27 (full 3):
 PSYoungGen      total 141824K, used 9690K [0x00000000f5580000, 0x0000000100000000, 0x0000000100000000)
  eden space 107520K, 0% used [0x00000000f5580000,0x00000000f5580000,0x00000000fbe80000)
  from space 34304K, 28% used [0x00000000fde80000,0x00000000fe7f6b20,0x0000000100000000)
  to   space 32768K, 0% used [0x00000000fbe80000,0x00000000fbe80000,0x00000000fde80000)
 ParOldGen       total 175104K, used 77545K [0x00000000e0000000, 0x00000000eab00000, 0x00000000f5580000)
  object space 175104K, 44% used [0x00000000e0000000,0x00000000e4bba740,0x00000000eab00000)
 Metaspace       used 80662K, capacity 83976K, committed 84352K, reserved 1122304K
  class space    used 10525K, capacity 11318K, committed 11392K, reserved 1048576K
}
Event: 137.094 GC heap before
{Heap before GC invocations=28 (full 3):
 PSYoungGen      total 141824K, used 117210K [0x00000000f5580000, 0x0000000100000000, 0x0000000100000000)
  eden space 107520K, 100% used [0x00000000f5580000,0x00000000fbe80000,0x00000000fbe80000)
  from space 34304K, 28% used [0x00000000fde80000,0x00000000fe7f6b20,0x0000000100000000)
  to   space 32768K, 0% used [0x00000000fbe80000,0x00000000fbe80000,0x00000000fde80000)
 ParOldGen       total 175104K, used 77545K [0x00000000e0000000, 0x00000000eab00000, 0x00000000f5580000)
  object space 175104K, 44% used [0x00000000e0000000,0x00000000e4bba740,0x00000000eab00000)
 Metaspace       used 84754K, capacity 88246K, committed 88576K, reserved 1126400K
  class space    used 11107K, capacity 11919K, committed 12032K, reserved 1048576K
Event: 137.104 GC heap after
Heap after GC invocations=28 (full 3):
 PSYoungGen      total 115712K, used 7757K [0x00000000f5580000, 0x00000000ffb80000, 0x0000000100000000)
  eden space 107520K, 0% used [0x00000000f5580000,0x00000000f5580000,0x00000000fbe80000)
  from space 8192K, 94% used [0x00000000fbe80000,0x00000000fc6137a0,0x00000000fc680000)
  to   space 31232K, 0% used [0x00000000fdd00000,0x00000000fdd00000,0x00000000ffb80000)
 ParOldGen       total 175104K, used 82809K [0x00000000e0000000, 0x00000000eab00000, 0x00000000f5580000)
  object space 175104K, 47% used [0x00000000e0000000,0x00000000e50de4b8,0x00000000eab00000)
 Metaspace       used 84754K, capacity 88246K, committed 88576K, reserved 1126400K
  class space    used 11107K, capacity 11919K, committed 12032K, reserved 1048576K
}

